Copyright 1986-2022 Xilinx, Inc. All Rights Reserved.
--------------------------------------------------------------------------------------------------------------------------------
| Tool Version : Vivado v.2022.2 (win64) Build 3671981 Fri Oct 14 05:00:03 MDT 2022
| Date         : Sat Oct 12 20:54:50 2024
| Host         : DESKTOP-VTDBCS3 running 64-bit major release  (build 9200)
| Command      : upgrade_project -migrate_output_products
| Project_Path : C:/Users/ahmet/Desktop/Proje_dosyalari/kamera_proje_dosyasý/basys3_ov7670_v1/basys3_ov7670_v1.xpr
--------------------------------------------------------------------------------------------------------------------------------

Project Status Summary

1. Project IP Status
--------------------
This project contains 1 IP and 0 Block Designs.


1.1 Project IP Instances
+--------------+-------------------------+-------------------------------------+-------------------------------------+
| Instance     | Status                  | Reason                              | Recommendation                      |
| Name         |                         |                                     |                                     |
+--------------+-------------------------+-------------------------------------+-------------------------------------+
| frame_buffer | Will be Migrated when   |                                     |                                     |
|              | core container is       |                                     |                                     |
|              | extracted.              |                                     |                                     |
+--------------+-------------------------+-------------------------------------+-------------------------------------+



