#-----------------------------------------------------------
# Vivado v2018.1 (64-bit)
# SW Build 2188600 on Wed Apr  4 18:40:38 MDT 2018
# IP Build 2185939 on Wed Apr  4 20:55:05 MDT 2018
# Start of session at: Thu Dec 20 10:13:41 2018
# Process ID: 5636
# Current directory: C:/Users/mcanb/OneDrive/Desktop/fg/basys3_ov7670_v1
# Command line: vivado.exe -gui_launcher_event rodinguilauncherevent9360 C:\Users\mcanb\OneDrive\Desktop\fg\basys3_ov7670_v1\basys3_ov7670_v1.xpr
# Log file: C:/Users/mcanb/OneDrive/Desktop/fg/basys3_ov7670_v1/vivado.log
# Journal file: C:/Users/mcanb/OneDrive/Desktop/fg/basys3_ov7670_v1\vivado.jou
#-----------------------------------------------------------
start_gui
open_project C:/Users/mcanb/OneDrive/Desktop/fg/basys3_ov7670_v1/basys3_ov7670_v1.xpr
INFO: [Project 1-313] Project file moved from 'D:/basys3_ov7670_v1' since last save.
Scanning sources...
Finished scanning sources
INFO: [IP_Flow 19-234] Refreshing IP repositories
INFO: [IP_Flow 19-1704] No user IP repositories specified
INFO: [IP_Flow 19-2313] Loaded Vivado IP repository 'D:/vivado/Vivado/2018.1/data/ip'.
open_project: Time (s): cpu = 00:00:13 ; elapsed = 00:00:16 . Memory (MB): peak = 883.727 ; gain = 128.555
update_compile_order -fileset sources_1
upgrade_ip -srcset frame_buffer -vlnv xilinx.com:ip:blk_mem_gen:8.4 [get_ips  frame_buffer] -log ip_upgrade.log
Upgrading 'frame_buffer'
INFO: [Project 1-386] Moving file 'C:/Users/mcanb/OneDrive/Desktop/fg/basys3_ov7670_v1/basys3_ov7670_v1.srcs/sources_1/ip/frame_buffer/frame_buffer.xci' from fileset 'frame_buffer' to fileset 'sources_1'.
INFO: [Project 1-386] Moving file 'C:/Users/mcanb/OneDrive/Desktop/fg/basys3_ov7670_v1/basys3_ov7670_v1.srcs/sources_1/ip/frame_buffer.xcix' from fileset 'frame_buffer' to fileset 'sources_1'.
INFO: [Device 21-403] Loading part xc7a35tcpg236-3
INFO: [IP_Flow 19-3422] Upgraded frame_buffer (Block Memory Generator 8.4) from revision 0 to revision 1
INFO: [IP_Flow 19-1686] Generating 'Instantiation Template' target for IP 'frame_buffer'...
INFO: [Coretcl 2-1525] Wrote upgrade log to 'C:/Users/mcanb/OneDrive/Desktop/fg/basys3_ov7670_v1/ip_upgrade.log'.
upgrade_ip: Time (s): cpu = 00:00:11 ; elapsed = 00:00:12 . Memory (MB): peak = 1100.680 ; gain = 193.293
export_ip_user_files -of_objects [get_ips frame_buffer] -no_script -sync -force -quiet
update_compile_order -fileset sources_1
reset_run synth_1
launch_runs impl_1 -jobs 4
INFO: [IP_Flow 19-1686] Generating 'Synthesis' target for IP 'frame_buffer'...
[Thu Dec 20 10:15:07 2018] Launched frame_buffer_synth_1, synth_1...
Run output will be captured here:
frame_buffer_synth_1: C:/Users/mcanb/OneDrive/Desktop/fg/basys3_ov7670_v1/basys3_ov7670_v1.runs/frame_buffer_synth_1/runme.log
synth_1: C:/Users/mcanb/OneDrive/Desktop/fg/basys3_ov7670_v1/basys3_ov7670_v1.runs/synth_1/runme.log
[Thu Dec 20 10:15:07 2018] Launched impl_1...
Run output will be captured here: C:/Users/mcanb/OneDrive/Desktop/fg/basys3_ov7670_v1/basys3_ov7670_v1.runs/impl_1/runme.log
launch_runs impl_1 -to_step write_bitstream -jobs 4
[Thu Dec 20 10:21:46 2018] Launched impl_1...
Run output will be captured here: C:/Users/mcanb/OneDrive/Desktop/fg/basys3_ov7670_v1/basys3_ov7670_v1.runs/impl_1/runme.log
open_hw
connect_hw_server
INFO: [Labtools 27-2285] Connecting to hw_server url TCP:localhost:3121
INFO: [Labtools 27-2222] Launching hw_server...
INFO: [Labtools 27-2221] Launch Output:

****** Xilinx hw_server v2018.1
  **** Build date : Apr  4 2018-19:32:53
    ** Copyright 1986-2018 Xilinx, Inc. All Rights Reserved.


open_hw_target
INFO: [Labtoolstcl 44-466] Opening hw_target localhost:3121/xilinx_tcf/Digilent/210183A8A210A
set_property PROGRAM.FILE {C:/Users/mcanb/OneDrive/Desktop/fg/basys3_ov7670_v1/basys3_ov7670_v1.runs/impl_1/top_level.bit} [get_hw_devices xc7a35t_0]
current_hw_device [get_hw_devices xc7a35t_0]
refresh_hw_device -update_hw_probes false [lindex [get_hw_devices xc7a35t_0] 0]
INFO: [Labtools 27-1434] Device xc7a35t (JTAG device index = 0) is programmed with a design that has no supported debug core(s) in it.
WARNING: [Labtools 27-3361] The debug hub core was not detected.
Resolution: 
1. Make sure the clock connected to the debug hub (dbg_hub) core is a free running clock and is active.
2. Make sure the BSCAN_SWITCH_USER_MASK device property in Vivado Hardware Manager reflects the user scan chain setting in the design and refresh the device.  To determine the user scan chain setting in the design, open the implemented design and use 'get_property C_USER_SCAN_CHAIN [get_debug_cores dbg_hub]'.
For more details on setting the scan chain property, consult the Vivado Debug and Programming User Guide (UG908).
set_property PROBES.FILE {} [get_hw_devices xc7a35t_0]
set_property FULL_PROBES.FILE {} [get_hw_devices xc7a35t_0]
set_property PROGRAM.FILE {C:/Users/mcanb/OneDrive/Desktop/fg/basys3_ov7670_v1/basys3_ov7670_v1.runs/impl_1/top_level.bit} [get_hw_devices xc7a35t_0]
program_hw_devices [get_hw_devices xc7a35t_0]
INFO: [Labtools 27-3164] End of startup status: HIGH
refresh_hw_device [lindex [get_hw_devices xc7a35t_0] 0]
INFO: [Labtools 27-1434] Device xc7a35t (JTAG device index = 0) is programmed with a design that has no supported debug core(s) in it.
WARNING: [Labtools 27-3361] The debug hub core was not detected.
Resolution: 
1. Make sure the clock connected to the debug hub (dbg_hub) core is a free running clock and is active.
2. Make sure the BSCAN_SWITCH_USER_MASK device property in Vivado Hardware Manager reflects the user scan chain setting in the design and refresh the device.  To determine the user scan chain setting in the design, open the implemented design and use 'get_property C_USER_SCAN_CHAIN [get_debug_cores dbg_hub]'.
For more details on setting the scan chain property, consult the Vivado Debug and Programming User Guide (UG908).
ERROR: [Labtoolstcl 44-513] HW Target shutdown. Closing target: localhost:3121/xilinx_tcf/Digilent/210183A8A210A
INFO: [Labtoolstcl 44-466] Opening hw_target localhost:3121/xilinx_tcf/Digilent/210183A8A210A
INFO: [Labtools 27-1435] Device xc7a35t (JTAG device index = 0) is not programmed (DONE status = 0).
WARNING: [Labtoolstcl 44-129] No matching hw_ila_data was found.
exit
INFO: [Common 17-206] Exiting Vivado at Thu Dec 20 10:26:40 2018...
