#-----------------------------------------------------------
# Vivado v2018.1 (64-bit)
# SW Build 2188600 on Wed Apr  4 18:40:38 MDT 2018
# IP Build 2185939 on Wed Apr  4 20:55:05 MDT 2018
# Start of session at: Tue Dec 18 12:43:42 2018
# Process ID: 10064
# Current directory: C:/Users/mcanb/OneDrive/Desktop/basys3_ov7670_v1/basys3_ov7670_v1
# Command line: vivado.exe -gui_launcher_event rodinguilauncherevent2896 C:\Users\mcanb\OneDrive\Desktop\basys3_ov7670_v1\basys3_ov7670_v1\basys3_ov7670_v1.xpr
# Log file: C:/Users/mcanb/OneDrive/Desktop/basys3_ov7670_v1/basys3_ov7670_v1/vivado.log
# Journal file: C:/Users/mcanb/OneDrive/Desktop/basys3_ov7670_v1/basys3_ov7670_v1\vivado.jou
#-----------------------------------------------------------
start_gui
open_project C:/Users/mcanb/OneDrive/Desktop/basys3_ov7670_v1/basys3_ov7670_v1/basys3_ov7670_v1.xpr
Scanning sources...
Finished scanning sources
INFO: [IP_Flow 19-234] Refreshing IP repositories
INFO: [IP_Flow 19-1704] No user IP repositories specified
INFO: [IP_Flow 19-2313] Loaded Vivado IP repository 'D:/vivado/Vivado/2018.1/data/ip'.
open_project: Time (s): cpu = 00:00:16 ; elapsed = 00:00:08 . Memory (MB): peak = 894.617 ; gain = 142.859
update_compile_order -fileset sources_1
exit
INFO: [Common 17-206] Exiting Vivado at Tue Dec 18 12:44:16 2018...
