Copyright 1986-2022 Xilinx, Inc. All Rights Reserved.
------------------------------------------------------------------------------------
| Tool Version : Vivado v.2022.2 (win64) Build 3671981 Fri Oct 14 05:00:03 MDT 2022
| Date         : Sun Dec 22 17:25:19 2024
| Host         : DESKTOP-VTDBCS3 running 64-bit major release  (build 9200)
| Command      : upgrade_project -migrate_output_products
| Project_Path : E:/TUBITAK-2209/dpu_design_ip/dpu_design_ip.xpr
------------------------------------------------------------------------------------

Project Status Summary

1. Project IP Status
--------------------
This project contains 0 IP and 2 Block Designs.


1.1 Project IP Instances
+-------------------------------------+-------------------------+-------------------------------------+-------------------------------------+
| Instance Name                       | Status                  | Reason                              | Recommendation                      |
+-------------------------------------+-------------------------+-------------------------------------+-------------------------------------+
| zedboard_dpu_clk_wiz_0_0            | Will be Migrated.       |                                     |                                     |
+-------------------------------------+-------------------------+-------------------------------------+-------------------------------------+
| zedboard_dpu_dpu_eu_0_0             | Will be Migrated.       |                                     |                                     |
+-------------------------------------+-------------------------+-------------------------------------+-------------------------------------+
| zedboard_dpu_proc_sys_reset_0_0     | Will be Migrated.       |                                     |                                     |
+-------------------------------------+-------------------------+-------------------------------------+-------------------------------------+
| zedboard_dpu_proc_sys_reset_0_1     | Will be Migrated.       |                                     |                                     |
+-------------------------------------+-------------------------+-------------------------------------+-------------------------------------+
| zedboard_dpu_proc_sys_reset_0_2     | Will be Migrated.       |                                     |                                     |
+-------------------------------------+-------------------------+-------------------------------------+-------------------------------------+
| zedboard_dpu_processing_system7_0_0 | Will be Migrated.       |                                     |                                     |
+-------------------------------------+-------------------------+-------------------------------------+-------------------------------------+
| zedboard_dpu_xlconcat_0_0           | Will be Migrated.       |                                     |                                     |
+-------------------------------------+-------------------------+-------------------------------------+-------------------------------------+


1.2 Project Block Designs
+---------------+-------------------------+-------------------------------------+-------------------------------------+
| Design Name   | Status                  | Reason                              | Recommendation                      |
+---------------+-------------------------+-------------------------------------+-------------------------------------+
| dpu_design_ip | Will be Migrated.       |                                     |                                     |
+---------------+-------------------------+-------------------------------------+-------------------------------------+
| zedboard_dpu  | Will be Migrated.       |                                     |                                     |
+---------------+-------------------------+-------------------------------------+-------------------------------------+



